Arguments: 
  C:\Program Files\nodejs\node.exe C:\Users\kamilla.silva\AppData\Roaming\npm\node_modules\yarn\bin\yarn.js info

PATH: 
  C:\Users\kamilla.silva\bin;C:\Program Files\Git\mingw64\bin;C:\Program Files\Git\usr\local\bin;C:\Program Files\Git\usr\bin;C:\Program Files\Git\usr\bin;C:\Program Files\Git\mingw64\bin;C:\Program Files\Git\usr\bin;C:\Users\kamilla.silva\bin;C:\Python310\Scripts;C:\Python310;C:\app\product\12.2.0\client_1\bin;C:\Program Files\Common Files\Oracle\Java\javapath;C:\Program Files (x86)\Common Files\Oracle\Java\javapath;C:\WINDOWS\system32;C:\WINDOWS;C:\WINDOWS\System32\Wbem;C:\WINDOWS\System32\WindowsPowerShell\v1.0;C:\WINDOWS\System32\OpenSSH;C:\Program Files\PuTTY;C:\Program Files\dotnet;C:\ProgramData\chocolatey\bin;C:\Program Files\Git\cmd;C:\Program Files\nodejs;C:\Users\kamilla.silva\AppData\Local\Microsoft\WindowsApps;C:\Users\kamilla.silva\AppData\Local\Programs\Microsoft VS Code\bin;C:\Users\kamilla.silva\AppData\Roaming\npm;C:\Program Files\heroku\bin;C:\Program Files\Git\usr\bin\vendor_perl;C:\Program Files\Git\usr\bin\core_perl

Yarn version: 
  1.22.19

Node version: 
  16.16.0

Platform: 
  win32 x64

Trace: 
  TypeError: Cannot read properties of null (reading '1')
      at parsePackageName (C:\Users\kamilla.silva\AppData\Roaming\npm\node_modules\yarn\lib\cli.js:97199:29)
      at Object.<anonymous> (C:\Users\kamilla.silva\AppData\Roaming\npm\node_modules\yarn\lib\cli.js:84761:90)
      at Generator.next (<anonymous>)
      at step (C:\Users\kamilla.silva\AppData\Roaming\npm\node_modules\yarn\lib\cli.js:310:30)
      at C:\Users\kamilla.silva\AppData\Roaming\npm\node_modules\yarn\lib\cli.js:321:13

npm manifest: 
  {
    "dependencies": {
      "yarn": "^1.22.19"
    }
  }

yarn manifest: 
  No manifest

Lockfile: 
  # THIS IS AN AUTOGENERATED FILE. DO NOT EDIT THIS FILE DIRECTLY.
  # yarn lockfile v1
  
  
  yarn@^1.22.19:
    version "1.22.19"
    resolved "https://registry.yarnpkg.com/yarn/-/yarn-1.22.19.tgz#4ba7fc5c6e704fce2066ecbfb0b0d8976fe62447"
    integrity sha512-/0V5q0WbslqnwP91tirOvldvYISzaqhClxzyUKXYxs07yUILIs5jx/k6CFe8bvKSkds5w+eiOqta39Wk3WxdcQ==
